0 info it worked if it ends with ok
1 verbose cli [ 'node', '/usr/local/bin/npm', 'install', '-g', 'cowsay' ]
2 info using npm@1.4.28
3 info using node@v0.10.33
4 verbose cache add [ 'cowsay', null ]
5 verbose cache add name=undefined spec="cowsay" args=["cowsay",null]
6 verbose parsed url { protocol: null,
6 verbose parsed url   slashes: null,
6 verbose parsed url   auth: null,
6 verbose parsed url   host: null,
6 verbose parsed url   port: null,
6 verbose parsed url   hostname: null,
6 verbose parsed url   hash: null,
6 verbose parsed url   search: null,
6 verbose parsed url   query: null,
6 verbose parsed url   pathname: 'cowsay',
6 verbose parsed url   path: 'cowsay',
6 verbose parsed url   href: 'cowsay' }
7 silly lockFile b1b9f37c-cowsay cowsay
8 verbose lock cowsay /Users/willwilcox/.npm/b1b9f37c-cowsay.lock
9 silly lockFile b1b9f37c-cowsay cowsay
10 silly lockFile b1b9f37c-cowsay cowsay
11 verbose addNamed [ 'cowsay', '' ]
12 verbose addNamed [ null, '*' ]
13 silly lockFile 7f264d92-cowsay cowsay@
14 verbose lock cowsay@ /Users/willwilcox/.npm/7f264d92-cowsay.lock
15 silly addNameRange { name: 'cowsay', range: '*', hasData: false }
16 verbose request where is /cowsay
17 verbose request registry https://registry.npmjs.org/
18 verbose request id a7e8288e702aeb0b
19 verbose url raw /cowsay
20 verbose url resolving [ 'https://registry.npmjs.org/', './cowsay' ]
21 verbose url resolved https://registry.npmjs.org/cowsay
22 verbose request where is https://registry.npmjs.org/cowsay
23 info trying registry request attempt 1 at 12:09:23
24 http GET https://registry.npmjs.org/cowsay
25 http 200 https://registry.npmjs.org/cowsay
26 silly registry.get cb [ 200,
26 silly registry.get   { date: 'Mon, 08 Dec 2014 17:09:23 GMT',
26 silly registry.get     server: 'CouchDB/1.5.0 (Erlang OTP/R16B03)',
26 silly registry.get     etag: '"32QJF7QFI7J6ZLZQP5Q28X8KS"',
26 silly registry.get     'content-type': 'application/json',
26 silly registry.get     'cache-control': 'max-age=60',
26 silly registry.get     'content-length': '7154',
26 silly registry.get     'accept-ranges': 'bytes',
26 silly registry.get     via: '1.1 varnish',
26 silly registry.get     age: '52',
26 silly registry.get     'x-served-by': 'cache-iad2132-IAD',
26 silly registry.get     'x-cache': 'HIT',
26 silly registry.get     'x-cache-hits': '1',
26 silly registry.get     'x-timer': 'S1418058563.255555,VS0,VE0',
26 silly registry.get     vary: 'Accept',
26 silly registry.get     'keep-alive': 'timeout=10, max=50',
26 silly registry.get     connection: 'Keep-Alive' } ]
27 silly addNameRange number 2 { name: 'cowsay', range: '*', hasData: true }
28 silly addNameRange versions [ 'cowsay', [ '1.0.0', '1.0.1', '1.0.2', '1.0.3' ] ]
29 verbose addNamed [ 'cowsay', '1.0.3' ]
30 verbose addNamed [ '1.0.3', '1.0.3' ]
31 silly lockFile 0c70c456-cowsay-1-0-3 cowsay@1.0.3
32 verbose lock cowsay@1.0.3 /Users/willwilcox/.npm/0c70c456-cowsay-1-0-3.lock
33 silly lockFile 77600bcf-pmjs-org-cowsay-cowsay-1-0-3-tgz https://registry.npmjs.org/cowsay/-/cowsay-1.0.3.tgz
34 verbose lock https://registry.npmjs.org/cowsay/-/cowsay-1.0.3.tgz /Users/willwilcox/.npm/77600bcf-pmjs-org-cowsay-cowsay-1-0-3-tgz.lock
35 verbose addRemoteTarball [ 'https://registry.npmjs.org/cowsay/-/cowsay-1.0.3.tgz',
35 verbose addRemoteTarball   'ae30666aa6d82e839fb6628845b57ecd3697a8d7' ]
36 info retry fetch attempt 1 at 12:09:23
37 verbose fetch to= /var/folders/8y/p19rpf2d5lqd0lk3430ljjkm0000gn/T/npm-1840-kf_9Ryrr/registry.npmjs.org/cowsay/-/cowsay-1.0.3.tgz
38 http GET https://registry.npmjs.org/cowsay/-/cowsay-1.0.3.tgz
39 http 200 https://registry.npmjs.org/cowsay/-/cowsay-1.0.3.tgz
40 silly lockFile 77600bcf-pmjs-org-cowsay-cowsay-1-0-3-tgz https://registry.npmjs.org/cowsay/-/cowsay-1.0.3.tgz
41 silly lockFile 77600bcf-pmjs-org-cowsay-cowsay-1-0-3-tgz https://registry.npmjs.org/cowsay/-/cowsay-1.0.3.tgz
42 silly lockFile 0c70c456-cowsay-1-0-3 cowsay@1.0.3
43 silly lockFile 0c70c456-cowsay-1-0-3 cowsay@1.0.3
44 silly lockFile 7f264d92-cowsay cowsay@
45 silly lockFile 7f264d92-cowsay cowsay@
46 silly resolved [ { name: 'cowsay',
46 silly resolved     version: '1.0.3',
46 silly resolved     description: 'cowsay is a configurable talking cow',
46 silly resolved     keywords: [ 'cow', 'cowsay', 'cowthink', 'figlet', 'talking', 'ASCII' ],
46 silly resolved     homepage: 'https://github.com/piuccio/cowsay',
46 silly resolved     author:
46 silly resolved      { name: 'Fabio Crisci',
46 silly resolved        email: 'piuccio@gmail.com',
46 silly resolved        url: 'https://github.com/piuccio/' },
46 silly resolved     main: './index',
46 silly resolved     bin: { cowsay: './cli.js', cowthink: './cli.js' },
46 silly resolved     repository: { type: 'git', url: 'https://github.com/piuccio/cowsay.git' },
46 silly resolved     scripts: { test: 'node test.js' },
46 silly resolved     dependencies: { optimist: '~0.3.5' },
46 silly resolved     devDependencies: { nodeunit: '~0.7.4' },
46 silly resolved     engines: { node: '>=0.6.17' },
46 silly resolved     preferGlobal: true,
46 silly resolved     bugs: { url: 'https://github.com/piuccio/cowsay/issues' },
46 silly resolved     _id: 'cowsay@1.0.3',
46 silly resolved     dist:
46 silly resolved      { shasum: 'ae30666aa6d82e839fb6628845b57ecd3697a8d7',
46 silly resolved        tarball: 'http://registry.npmjs.org/cowsay/-/cowsay-1.0.3.tgz' },
46 silly resolved     _from: 'cowsay@',
46 silly resolved     _npmVersion: '1.3.5',
46 silly resolved     _npmUser: { name: 'piuccio', email: 'piuccio@gmail.com' },
46 silly resolved     maintainers: [ [Object] ],
46 silly resolved     directories: {},
46 silly resolved     _shasum: 'ae30666aa6d82e839fb6628845b57ecd3697a8d7',
46 silly resolved     _resolved: 'https://registry.npmjs.org/cowsay/-/cowsay-1.0.3.tgz' } ]
47 info install cowsay@1.0.3 into /usr/local/lib
48 info installOne cowsay@1.0.3
49 verbose lib/node_modules/cowsay unbuild
50 verbose tar unpack /Users/willwilcox/.npm/cowsay/1.0.3/package.tgz
51 silly lockFile 27a336b6-sr-local-lib-node-modules-cowsay tar:///usr/local/lib/node_modules/cowsay
52 verbose lock tar:///usr/local/lib/node_modules/cowsay /Users/willwilcox/.npm/27a336b6-sr-local-lib-node-modules-cowsay.lock
53 silly lockFile c80ef90b-cox-npm-cowsay-1-0-3-package-tgz tar:///Users/willwilcox/.npm/cowsay/1.0.3/package.tgz
54 verbose lock tar:///Users/willwilcox/.npm/cowsay/1.0.3/package.tgz /Users/willwilcox/.npm/c80ef90b-cox-npm-cowsay-1-0-3-package-tgz.lock
55 silly gunzTarPerm modes [ '755', '644' ]
56 error Error: EACCES, mkdir '/usr/local/lib/node_modules/cowsay'
56 error  { [Error: EACCES, mkdir '/usr/local/lib/node_modules/cowsay']
56 error   errno: 3,
56 error   code: 'EACCES',
56 error   path: '/usr/local/lib/node_modules/cowsay',
56 error   fstream_type: 'Directory',
56 error   fstream_path: '/usr/local/lib/node_modules/cowsay',
56 error   fstream_class: 'DirWriter',
56 error   fstream_stack:
56 error    [ '/usr/local/lib/node_modules/npm/node_modules/fstream/lib/dir-writer.js:36:23',
56 error      '/usr/local/lib/node_modules/npm/node_modules/mkdirp/index.js:46:53',
56 error      'Object.oncomplete (fs.js:107:15)' ] }
57 error Please try running this command again as root/Administrator.
58 error System Darwin 14.0.0
59 error command "node" "/usr/local/bin/npm" "install" "-g" "cowsay"
60 error cwd /Users/willwilcox/wdi/w04/d01
61 error node -v v0.10.33
62 error npm -v 1.4.28
63 error path /usr/local/lib/node_modules/cowsay
64 error fstream_path /usr/local/lib/node_modules/cowsay
65 error fstream_type Directory
66 error fstream_class DirWriter
67 error code EACCES
68 error errno 3
69 error stack Error: EACCES, mkdir '/usr/local/lib/node_modules/cowsay'
70 error fstream_stack /usr/local/lib/node_modules/npm/node_modules/fstream/lib/dir-writer.js:36:23
70 error fstream_stack /usr/local/lib/node_modules/npm/node_modules/mkdirp/index.js:46:53
70 error fstream_stack Object.oncomplete (fs.js:107:15)
71 verbose exit [ 3, true ]
